C51 COMPILER V9.54   CONFIG                                                                04/24/2025 13:39:01 PAGE 1   


C51 COMPILER V9.54, COMPILATION OF MODULE CONFIG
OBJECT MODULE PLACED IN config.OBJ
COMPILER INVOKED BY: C:\Keil_v5\C51\BIN\C51.exe config.c DB OE BR INCDIR(c:\SiLabs\MCU_4\Inc)

line level    source

   1          #include <compiler_defs.h>
   2          #include <C8051F580_defs.h>
   3          
   4          void OSCILLATOR_Init(void)
   5          {
   6   1              U8 SFRPAGE_save = SFRPAGE;
   7   1              SFRPAGE = CONFIG_PAGE;
   8   1              OSCICN = 0x87; // CLK 24MHz
   9   1              SFRPAGE = SFRPAGE_save;
  10   1      }
  11          
  12          void PORT_Init(void)
  13          {
  14   1              U8 SFRPAGE_save = SFRPAGE;
  15   1              SFRPAGE   = CONFIG_PAGE;
  16   1          P2MDOUT   = 0x07; //LED 2.0,2.1,2.2 enable
  17   1          P0SKIP    = 0xFF;
  18   1          P1SKIP    = 0xFF;
  19   1          XBR2      = 0x40;
  20   1          SFRPAGE   = SFRPAGE_save;
  21   1      }
  22          
  23          void WATCH_DOG_Init(void)
  24          {
  25   1              U8 SFRPAGE_save = SFRPAGE;
  26   1              SFRPAGE   = ACTIVE_PAGE;
  27   1              PCA0MD &= ~0x40;
  28   1              SFRPAGE   = SFRPAGE_save;
  29   1      
  30   1      }


MODULE INFORMATION:   STATIC OVERLAYABLE
   CODE SIZE        =     42    ----
   CONSTANT SIZE    =   ----    ----
   XDATA SIZE       =   ----    ----
   PDATA SIZE       =   ----    ----
   DATA SIZE        =   ----    ----
   IDATA SIZE       =   ----    ----
   BIT SIZE         =   ----    ----
END OF MODULE INFORMATION.


C51 COMPILATION COMPLETE.  0 WARNING(S),  0 ERROR(S)
