C51 COMPILER V9.54   TIMER_1                                                               04/24/2025 13:39:01 PAGE 1   


C51 COMPILER V9.54, COMPILATION OF MODULE TIMER_1
OBJECT MODULE PLACED IN Timer_1.OBJ
COMPILER INVOKED BY: C:\Keil_v5\C51\BIN\C51.exe Timer_1.c DB OE BR INCDIR(c:\SiLabs\MCU_4\Inc)

line level    source

   1          #include <compiler_defs.h>
   2          #include <C8051F580_defs.h>
   3          
   4          static unsigned long count = 0;
   5          
   6          void _CONFIG_TIMER1(void)
   7          {
   8   1              CKCON &= ~0x08;        // Timer1 dùng SYSCLK/12
   9   1          TMOD &= ~0xF0;         // Clear Timer1 bits
  10   1          TMOD |= 0x10;          // Timer1 Mode 1 (16-bit)
  11   1      
  12   1              TH1 = (65536 - 2000) >>8;
  13   1              TL1 = (65536 - 2000) & 0xFF;
  14   1              ET1 = 1;
  15   1              TCON = 0x40;
  16   1      }
  17          
  18          INTERRUPT (TIMER1_ISR, INTERRUPT_TIMER1)
  19          {
  20   1          TH1 = (65536 - 2000) >>8;
  21   1              TL1 = (65536 - 2000) & 0xFF;
  22   1              count++;
  23   1      }
  24          void delay_t1_ms(unsigned long ms)
  25          {
  26   1              unsigned long start = count;
  27   1              while((count - start ) < ms);
  28   1      }


MODULE INFORMATION:   STATIC OVERLAYABLE
   CODE SIZE        =    113    ----
   CONSTANT SIZE    =   ----    ----
   XDATA SIZE       =   ----    ----
   PDATA SIZE       =   ----    ----
   DATA SIZE        =      4       8
   IDATA SIZE       =   ----    ----
   BIT SIZE         =   ----    ----
END OF MODULE INFORMATION.


C51 COMPILATION COMPLETE.  0 WARNING(S),  0 ERROR(S)
