C51 COMPILER V9.54   TIMER_3                                                               04/24/2025 13:39:01 PAGE 1   


C51 COMPILER V9.54, COMPILATION OF MODULE TIMER_3
OBJECT MODULE PLACED IN Timer_3.OBJ
COMPILER INVOKED BY: C:\Keil_v5\C51\BIN\C51.exe Timer_3.c DB OE BR INCDIR(c:\SiLabs\MCU_4\Inc)

line level    source

   1          #include <compiler_defs.h>
   2          #include <C8051F580_defs.h>
   3          
   4          static unsigned long t3_us_count = 0;
   5          
   6          void _CONFIG_TIMER3(void)
   7          {
   8   1              U8 SFRPAGE_save = SFRPAGE;
   9   1          SFRPAGE = ACTIVE_PAGE;
  10   1              
  11   1              CKCON &= ~0x40;
  12   1          TMR3CN = 0x00;
  13   1          TMR3CN |= 0x04;
  14   1      
  15   1          TMR3RL = 256 - 6;
  16   1          TMR3 = TMR3RL;
  17   1      
  18   1          EIE1 = 0x40;
  19   1              SFRPAGE = SFRPAGE_save;
  20   1      }
  21          INTERRUPT (TIMER3_ISR, INTERRUPT_TIMER3)
  22          {
  23   1          TMR3CN &= ~0x80;
  24   1          t3_us_count++;
  25   1      }
  26          void delay_t3_us(unsigned long us)
  27          {
  28   1          unsigned long start = t3_us_count;
  29   1          while ((t3_us_count - start) < us);
  30   1      }


MODULE INFORMATION:   STATIC OVERLAYABLE
   CODE SIZE        =    119    ----
   CONSTANT SIZE    =   ----    ----
   XDATA SIZE       =   ----    ----
   PDATA SIZE       =   ----    ----
   DATA SIZE        =      4       8
   IDATA SIZE       =   ----    ----
   BIT SIZE         =   ----    ----
END OF MODULE INFORMATION.


C51 COMPILATION COMPLETE.  0 WARNING(S),  0 ERROR(S)
