
BL51 BANKED LINKER/LOCATER V6.22 - SN: K1FSC-F0BPYZ
COPYRIGHT KEIL ELEKTRONIK GmbH 1987 - 2009
"D:\TU BACK UP\CHANGE_DRIVE\Desktop\Pham_Van _Dat\Basic_C8051F5xx\Timer\Project_Timer\main.obj",
"D:\TU BACK UP\CHANGE_DRIVE\Desktop\Pham_Van _Dat\Basic_C8051F5xx\Timer\Project_Timer\Timer_0.obj",
"D:\TU BACK UP\CHANGE_DRIVE\Desktop\Pham_Van _Dat\Basic_C8051F5xx\Timer\Project_Timer\config.obj",
"D:\TU BACK UP\CHANGE_DRIVE\Desktop\Pham_Van _Dat\Basic_C8051F5xx\Timer\Project_Timer\Timer_1.obj",
"D:\TU BACK UP\CHANGE_DRIVE\Desktop\Pham_Van _Dat\Basic_C8051F5xx\Timer\Project_Timer\Timer_2.obj",
"D:\TU BACK UP\CHANGE_DRIVE\Desktop\Pham_Van _Dat\Basic_C8051F5xx\Timer\Project_Timer\Timer_3.obj"  TO "D:\TU BACK UP\CHANGE_DRIVE\Desktop\Pham_Van _Dat\Basic_C8051F5xx\Timer\Project_Timer\Driver_Timer" RS(256) PL(68) PW(78) 

*** WARNING L16: UNCALLED SEGMENT, IGNORED FOR OVERLAY PROCESS
    SEGMENT: ?PR?_DELAY_T0_US?TIMER_0

*** WARNING L16: UNCALLED SEGMENT, IGNORED FOR OVERLAY PROCESS
    SEGMENT: ?PR?_CONFIG_TIMER1?TIMER_1

*** WARNING L16: UNCALLED SEGMENT, IGNORED FOR OVERLAY PROCESS
    SEGMENT: ?PR?_DELAY_T1_MS?TIMER_1

*** WARNING L16: UNCALLED SEGMENT, IGNORED FOR OVERLAY PROCESS
    SEGMENT: ?PR?_CONFIG_TIMER2?TIMER_2

*** WARNING L16: UNCALLED SEGMENT, IGNORED FOR OVERLAY PROCESS
    SEGMENT: ?PR?_DELAY_T2_MS?TIMER_2

Program Size: data=57.0 xdata=0 code=709
LINK/LOCATE RUN COMPLETE.  5 WARNING(S),  0 ERROR(S)
