C51 COMPILER V9.54   MAIN                                                                  03/22/2025 10:58:48 PAGE 1   


C51 COMPILER V9.54, COMPILATION OF MODULE MAIN
OBJECT MODULE PLACED IN main.OBJ
COMPILER INVOKED BY: C:\Keil_v5\C51\BIN\C51.exe main.c DB OE BR INCDIR(C:\SiLabs\MCU_4\Inc)

line level    source

   1          #include <compiler_defs.h>
   2          #include <C8051F850_defs.h>            // SFR declarations
   3          #include <stdio.h>
   4          
   5          #define SYSCLK 24000000/8
   6          #define BAURATE 115200
   7          
   8          SBIT(LED, SFR_P1, 0);
   9          
  10          void SYSCLK_Init (void);
  11          void Port_Init(void);
  12          void Timer2_Init(void);
  13          void ADC0_Init(void);
  14          void UART0_Init(void);
  15          
  16          INTERRUPT_PROTO (ADC_ISR, INTERRUPT_ADC0_EOC);
  17          
  18          void main(void)
  19          {
  20   1              WDTCN = 0xDE;
  21   1              WDTCN = 0xAD;
  22   1              SYSCLK_Init ();                     // Initialize system clock to 24.5 MHz
  23   1              Port_Init ();                       // Initialize crossbar and GPIO
  24   1              Timer2_Init();                      // Init Timer2 to generate
  25   1                                                  // Overflows to trigger ADC
  26   1              UART0_Init();                       // Initialize UART0 for printf's
  27   1              ADC0_Init();                        // Initialize ADC0
  28   1      
  29   1              EA = 1;                             // Enable global interrupts
  30   1              for(;;);
  31   1      
  32   1      }
  33          
  34          void SYSCLK_Init (void)
  35          {
  36   1              
  37   1              CLKSEL = 0x00;
  38   1              RSTSRC = 0x06;
  39   1      }
  40          
  41          void Port_Init(void)
  42          {
  43   1              P0MDOUT |= 0x10;
  44   1              P1MDOUT |= 0x01;
  45   1              P1MDIN &= ~ 0x04;
  46   1              
  47   1              XBR0 = 0x01;
  48   1              XBR2 = 0x40;
  49   1      
  50   1      }
  51          
  52          void Timer2_Init(void)
  53          {
  54   1              TMR2CN = 0x00;
  55   1      
C51 COMPILER V9.54   MAIN                                                                  03/22/2025 10:58:48 PAGE 2   

  56   1              CKCON |= 0x10;
  57   1              TMR2RL = 65535 - (SYSCLK / 10000);
  58   1              TMR2 = 0xFFFF;
  59   1              TR2 = 1;
  60   1      
  61   1      }
  62          void ADC0_Init(void)
  63          {
  64   1              ADC0CN0 = 0x02;
  65   1              ADC0CF = (((SYSCLK)/12250000)-1)<<3;
  66   1              ADC0CF |= 0x01;
  67   1              ADC0AC = 0x00;
  68   1              ADC0PWR = 0x00;
  69   1              ADC0MX = 0x0A;
  70   1              REF0CN = 0x08;
  71   1              EIE1 |= 0x80;
  72   1              ADEN = 1;
  73   1      }
  74          
  75          
  76          void UART0_Init(void)
  77          {
  78   1              SCON0 = 0x10;
  79   1              if(SYSCLK/BAURATE/2/256 < 1)
  80   1              {
  81   2                      TH1 = -(SYSCLK/BAURATE/2);
  82   2                      CKCON |= 0x08;
  83   2              }
  84   1              else if(SYSCLK/BAURATE/2/256 <4)
  85   1              {
  86   2                      TH1 = -(SYSCLK/BAURATE/2/4);
  87   2                      CKCON &= ~0x0B;
  88   2                      CKCON |= 0x01;
  89   2              }
  90   1              else if (SYSCLK/BAURATE/2/256 <12)
  91   1              {
  92   2                      TH1 = -(SYSCLK/BAURATE/2/12);
  93   2                      CKCON &= ~0x0B;
  94   2              }
  95   1              else if (SYSCLK/BAURATE/2/256 <48)
  96   1              {
  97   2                      TH1 = -(SYSCLK/BAURATE/2/48);
  98   2                      CKCON &= ~0x0B;
  99   2                      CKCON |= 0x02;
 100   2              }
 101   1              else
 102   1              {
 103   2                      while(1);
 104   2              }
 105   1              TL1 = TH1;
 106   1              TMOD &= ~0xF0;
 107   1              TMOD |= 0x20;
 108   1              TR1 = 1;
 109   1              TI = 1;
 110   1      }
 111          INTERRUPT (ADC_ISR, INTERRUPT_ADC0_EOC)
 112          {
 113   1              static unsigned long accumulator = 0;
 114   1              static unsigned int measurements = 2048;
 115   1              unsigned long result = 0;
 116   1              unsigned long mV;
 117   1              ADINT = 0;
C51 COMPILER V9.54   MAIN                                                                  03/22/2025 10:58:48 PAGE 3   

 118   1      
 119   1              accumulator += ADC0;
 120   1              measurements--;
 121   1              if(measurements == 0)
 122   1              {
 123   2                      measurements = 2048;
 124   2                      result = accumulator / 2048;
 125   2                      accumulator = 0;
 126   2                      mV = (result *3300)/1023;
 127   2                      printf("P1.2 voltage: %ld mV/r/n", mV);
 128   2      
 129   2              }
 130   1      }
*** WARNING C294 IN LINE 86 OF main.c: unreachable code


MODULE INFORMATION:   STATIC OVERLAYABLE
   CODE SIZE        =    315    ----
   CONSTANT SIZE    =     25    ----
   XDATA SIZE       =   ----    ----
   PDATA SIZE       =   ----    ----
   DATA SIZE        =      6       4
   IDATA SIZE       =   ----    ----
   BIT SIZE         =   ----    ----
END OF MODULE INFORMATION.


C51 COMPILATION COMPLETE.  1 WARNING(S),  0 ERROR(S)
