C51 COMPILER V9.54   SPI                                                                   04/18/2025 16:38:19 PAGE 1   


C51 COMPILER V9.54, COMPILATION OF MODULE SPI
OBJECT MODULE PLACED IN spi.OBJ
COMPILER INVOKED BY: C:\Keil_v5\C51\BIN\C51.exe spi.c DB OE BR INCDIR(C:\SiLabs\MCU_4\Inc)

line level    source

   1          #include <compiler_defs.h>
   2          #include <C8051F580_defs.h>            // SFR declarations
   3          
   4          
   5          
   6          
   7          


MODULE INFORMATION:   STATIC OVERLAYABLE
   CODE SIZE        =   ----    ----
   CONSTANT SIZE    =   ----    ----
   XDATA SIZE       =   ----    ----
   PDATA SIZE       =   ----    ----
   DATA SIZE        =   ----    ----
   IDATA SIZE       =   ----    ----
   BIT SIZE         =   ----    ----
END OF MODULE INFORMATION.


C51 COMPILATION COMPLETE.  0 WARNING(S),  0 ERROR(S)
